<?xml version="1.0" encoding="UTF-8"?>
<!-- Generated by org.testng.reporters.JUnitXMLReporter -->
<testsuite ignored="0" hostname="Rich" failures="0" tests="1" name="chromeTest" time="180.073" errors="0" timestamp="2024-09-03T17:54:17 EDT">
  <testcase classname="testCases.BaseClass" name="@BeforeClass setUp" time="180.037">
    <failure type="java.lang.RuntimeException" message="WebDriver setup failed">
      <![CDATA[java.lang.RuntimeException: WebDriver setup failed
at testCases.BaseClass.setUp(BaseClass.java:107)
at java.base/java.util.ArrayList.forEach(ArrayList.java:1597)
Caused by: java.lang.NullPointerException: Cannot invoke "org.openqa.selenium.WebDriver.manage()" because "testCases.BaseClass.driver" is null
at testCases.BaseClass.setUp(BaseClass.java:100)
... 24 more
... Removed 23 stack frames]]>
    </failure>
  </testcase> <!-- @BeforeClass setUp -->
  <testcase classname="testCases.BaseClass" name="@AfterClass tearDown" time="-1.725400457891E9">
    <skipped/>
  </testcase> <!-- @AfterClass tearDown -->
  <testcase classname="testCases.TC001_AccountRegisterTest" name="verify_AccountRegister" time="0.0">
    <skipped/>
  </testcase> <!-- verify_AccountRegister -->
</testsuite> <!-- chromeTest -->
