<?xml version="1.0" encoding="UTF-8"?>
<testng-results ignored="0" total="1" passed="1" failed="0" skipped="0">
  <reporter-output>
  </reporter-output>
  <suite started-at="2024-09-03T17:48:42 EDT" name=" openCart Suite" finished-at="2024-09-03T17:48:52 EDT" duration-ms="9460">
    <groups>
    </groups>
    <test started-at="2024-09-03T17:48:42 EDT" name="Test" finished-at="2024-09-03T17:48:52 EDT" duration-ms="9460">
      <class name="testCases.TC001_AccountRegisterTest">
        <test-method is-config="true" signature="setUp(java.lang.String,java.lang.String)[pri:0, instance:testCases.TC001_AccountRegisterTest@313ac989]" started-at="2024-09-03T17:48:43 EDT" name="setUp" finished-at="2024-09-03T17:48:46 EDT" duration-ms="3642" status="PASS">
          <params>
            <param index="0">
              <value>
                <![CDATA[chrome]]>
              </value>
            </param>
            <param index="1">
              <value>
                <![CDATA[windows]]>
              </value>
            </param>
          </params>
          <reporter-output>
          </reporter-output>
        </test-method> <!-- setUp -->
        <test-method signature="verify_AccountRegister()[pri:0, instance:testCases.TC001_AccountRegisterTest@313ac989]" started-at="2024-09-03T17:48:46 EDT" name="verify_AccountRegister" finished-at="2024-09-03T17:48:52 EDT" duration-ms="5257" status="PASS">
          <reporter-output>
          </reporter-output>
        </test-method> <!-- verify_AccountRegister -->
        <test-method is-config="true" signature="tearDown()[pri:0, instance:testCases.TC001_AccountRegisterTest@313ac989]" started-at="2024-09-03T17:48:52 EDT" name="tearDown" finished-at="2024-09-03T17:48:52 EDT" duration-ms="197" status="PASS">
          <reporter-output>
          </reporter-output>
        </test-method> <!-- tearDown -->
      </class> <!-- testCases.TC001_AccountRegisterTest -->
    </test> <!-- Test -->
  </suite> <!--  openCart Suite -->
</testng-results>
